Archivage web du fichier snprocess.log
2013-12-16T14:30:30.727 : snprocess_core : ---------------------------------------------
2013-12-16T14:30:30.742 : snprocess_core : tel1 DJD1 = 2013-12-16T14:30:30.727  -  1858-11-17T00:00:00.000 = 2456643.1045
2013-12-16T14:30:31.533 : snprocess_core : tel1 DJD2 = 2013-12-16T07:24:01.440  -  1858-11-17T00:00:00.000 =  2456642.8084
2013-12-16T14:30:31.610 : snprocess_core : =============================================
2013-12-16T14:30:31.625 : snprocess_core : == TELESCOPE 1: Tarot_Calern
2013-12-16T14:30:31.638 : snprocess_core : =============================================
2013-12-16T14:30:31.652 : snprocess_core : == dusk obs: 2013-12-16T16:47:13.344
2013-12-16T14:30:31.666 : snprocess_core : == dawn obs: 2013-12-17T06:09:15.552
2013-12-16T14:30:31.680 : snprocess_core : == filters : 1(C) 2(B) 3(V) 4(R) 5(I) 6(VN) 
2013-12-16T14:30:31.694 : snprocess_core : =============================================
2013-12-16T14:30:31.717 : snprocess_core : No snprocess.zip file in C:/srv/work/ros/ressources/snprocess/zip/dss.zip
2013-12-16T14:30:31.732 : snprocess_core : No snprocess.zip file in C:/srv/work/ros/ressources/snprocess/zip/refgaltarot.zip
2013-12-16T14:30:31.747 : snprocess_core : url=http://tarot6.obs-azur.fr/ros/supernovae/zip/Tarot_Calern_20131215.zip
2013-12-16T14:30:31.910 : snprocess_core : Zip file downloaded in C:/srv/work/ros/ressources/snprocess/zip/Tarot_Calern_20131215.zip
2013-12-16T14:30:31.929 : snprocess_core : file copy -force -- C:/srv/work/ros/ressources/snprocess/zip/Tarot_Calern_20131215.zip C:/srv/work/ros/ressources/snprocess/tmp/Tarot_Calern_20131215.zip
2013-12-16T14:30:31.946 : snprocess_core : exec C:/srv/develop/audela/bin/unzip.exe -u -d C:/srv/work/ros/ressources/snprocess/tmp C:/srv/work/ros/ressources/snprocess/tmp/Tarot_Calern_20131215.zip
2013-12-16T14:30:32.050 : snprocess_core : problem Archive:  C:/srv/work/ros/ressources/snprocess/tmp/Tarot_Calern_20131215.zip
  End-of-central-directory signature not found.  Either this file is not
  a zipfile, or it constitutes one disk of a multi-part archive.  In the
  latter case the central directory and zipfile comment will be found on
  the last disk(s) of this archive.
unzip:  cannot find zipfile directory in C:/srv/work/ros/ressources/snprocess/tmp/Tarot_Calern_20131215.zip,
        and cannot find C:/srv/work/ros/ressources/snprocess/tmp/Tarot_Calern_20131215.zip.zip, period.

Pas de galaxie a traiter (2013-12-16 14:30:32)
2013-12-16T14:30:33.289 : snprocess_core : ---------------------------------------------
2013-12-16T14:30:33.307 : snprocess_core : tel1 DJD1 = 2013-12-16T14:30:33.289  -  2013-12-16T07:24:01.440 = 0.2962
2013-12-16T14:30:33.525 : snprocess_core : tel2 DJD1 = 2013-12-16T14:30:33.525  -  1858-11-17T00:00:00.000 = 2456643.1046
2013-12-16T14:30:34.296 : snprocess_core : tel2 DJD2 = 2013-12-16T09:56:44.160  -  1858-11-17T00:00:00.000 =  2456642.9144
2013-12-16T14:30:34.376 : snprocess_core : =============================================
2013-12-16T14:30:34.393 : snprocess_core : == TELESCOPE 2: Tarot_Chili
2013-12-16T14:30:34.409 : snprocess_core : =============================================
2013-12-16T14:30:34.424 : snprocess_core : == dusk obs: 2013-12-17T00:22:32.160
2013-12-16T14:30:34.440 : snprocess_core : == dawn obs: 2013-12-17T08:55:17.472
2013-12-16T14:30:34.455 : snprocess_core : == filters : 1(C) 2(B) 3(V) 4(R) 5(I) 6(VN) 
2013-12-16T14:30:34.471 : snprocess_core : =============================================
2013-12-16T14:30:34.487 : snprocess_core : No snprocess.zip file in C:/srv/work/ros/ressources/snprocess/zip/dss.zip
2013-12-16T14:30:34.503 : snprocess_core : No snprocess.zip file in C:/srv/work/ros/ressources/snprocess/zip/refgaltarot.zip
2013-12-16T14:30:34.518 : snprocess_core : url=http://tarotchili5.oamp.fr/ros/supernovae/zip/Tarot_Chili_20131215.zip
2013-12-16T14:30:34.680 : snprocess_core : Zip file downloaded in C:/srv/work/ros/ressources/snprocess/zip/Tarot_Chili_20131215.zip
2013-12-16T14:30:34.701 : snprocess_core : file copy -force -- C:/srv/work/ros/ressources/snprocess/zip/Tarot_Chili_20131215.zip C:/srv/work/ros/ressources/snprocess/tmp/Tarot_Chili_20131215.zip
2013-12-16T14:30:34.717 : snprocess_core : exec C:/srv/develop/audela/bin/unzip.exe -u -d C:/srv/work/ros/ressources/snprocess/tmp C:/srv/work/ros/ressources/snprocess/tmp/Tarot_Chili_20131215.zip
2013-12-16T14:30:34.766 : snprocess_core : problem Archive:  C:/srv/work/ros/ressources/snprocess/tmp/Tarot_Chili_20131215.zip
  End-of-central-directory signature not found.  Either this file is not
  a zipfile, or it constitutes one disk of a multi-part archive.  In the
  latter case the central directory and zipfile comment will be found on
  the last disk(s) of this archive.
unzip:  cannot find zipfile directory in C:/srv/work/ros/ressources/snprocess/tmp/Tarot_Chili_20131215.zip,
        and cannot find C:/srv/work/ros/ressources/snprocess/tmp/Tarot_Chili_20131215.zip.zip, period.
2013-12-16T14:30:36.194 : snprocess_core : tel2 DJD1 = 2013-12-16T14:30:36.194  -  2013-12-16T09:56:44.160 = 0.1902
2013-12-16T14:30:36.418 : snprocess_core : tel3 DJD1 = 2013-12-16T14:30:36.418  -  1858-11-17T00:00:00.000 = 2456643.1046
2013-12-16T14:30:37.131 : snprocess_core : tel3 DJD2 = 2013-12-15T21:26:08.160  -  1858-11-17T00:00:00.000 =  2456642.3931
2013-12-16T14:30:37.208 : snprocess_core : =============================================
2013-12-16T14:30:37.225 : snprocess_core : == TELESCOPE 3: Zadko_Australia
2013-12-16T14:30:37.241 : snprocess_core : =============================================
2013-12-16T14:30:37.256 : snprocess_core : == dusk obs: 2013-12-16T12:02:56.256
2013-12-16T14:30:37.272 : snprocess_core : == dawn obs: 2013-12-16T20:22:48.288
2013-12-16T14:30:37.288 : snprocess_core : == filters : 1(C) 5(I) 13(g) 14(r) 15(i) 
2013-12-16T14:30:37.305 : snprocess_core : =============================================
2013-12-16T14:30:37.321 : snprocess_core : No URL defined.
2013-12-16T14:30:38.942 : snprocess_core : tel3 DJD1 = 2013-12-16T14:30:38.942  -  2013-12-15T21:26:08.160 = 0.7115
2013-12-16T14:30:39.161 : snprocess_core : tel4 DJD1 = 2013-12-16T14:30:39.161  -  1858-11-17T00:00:00.000 = 2456643.1046
2013-12-16T14:30:39.938 : snprocess_core : tel4 DJD2 = 2013-12-16T07:29:35.808  -  1858-11-17T00:00:00.000 =  2456642.8122
2013-12-16T14:30:40.015 : snprocess_core : =============================================
2013-12-16T14:30:40.031 : snprocess_core : == TELESCOPE 4: Satino_OHP
2013-12-16T14:30:40.047 : snprocess_core : =============================================
2013-12-16T14:30:40.063 : snprocess_core : == dusk obs: 2013-12-16T16:51:38.592
2013-12-16T14:30:40.082 : snprocess_core : == dawn obs: 2013-12-17T06:14:32.640
2013-12-16T14:30:40.098 : snprocess_core : == filters : 0(NoFilter) 
2013-12-16T14:30:40.114 : snprocess_core : =============================================
2013-12-16T14:30:40.130 : snprocess_core : No URL defined.
2013-12-16T14:30:41.952 : snprocess_core : tel4 DJD1 = 2013-12-16T14:30:41.952  -  2013-12-16T07:29:35.808 = 0.2924
2013-12-16T14:30:42.172 : snprocess_core : tel5 DJD1 = 2013-12-16T14:30:42.172  -  1858-11-17T00:00:00.000 = 2456643.1047
2013-12-16T14:30:42.950 : snprocess_core : tel5 DJD2 = 2013-12-16T07:30:08.640  -  1858-11-17T00:00:00.000 =  2456642.8126
2013-12-16T14:30:43.028 : snprocess_core : =============================================
2013-12-16T14:30:43.046 : snprocess_core : == TELESCOPE 5: Faro_Banon
2013-12-16T14:30:43.064 : snprocess_core : =============================================
2013-12-16T14:30:43.083 : snprocess_core : == dusk obs: 2013-12-16T16:51:43.776
2013-12-16T14:30:43.098 : snprocess_core : == dawn obs: 2013-12-17T06:14:58.560
2013-12-16T14:30:43.115 : snprocess_core : == filters : 0(NoFilter) 9(L) 10(R) 11(G) 12(B) 
2013-12-16T14:30:43.131 : snprocess_core : =============================================
2013-12-16T14:30:43.147 : snprocess_core : No URL defined.
2013-12-16T14:30:45.172 : snprocess_core : tel5 DJD1 = 2013-12-16T14:30:45.171  -  2013-12-16T07:30:08.640 = 0.2921
2013-12-16T14:30:45.393 : snprocess_core : tel6 DJD1 = 2013-12-16T14:30:45.393  -  1858-11-17T00:00:00.000 = 2456643.1047
2013-12-16T14:30:46.077 : snprocess_core : tel6 DJD2 = 2013-12-15T14:51:46.656  -  1858-11-17T00:00:00.000 =  2456642.1193
2013-12-16T14:30:46.159 : snprocess_core : =============================================
2013-12-16T14:30:46.177 : snprocess_core : == TELESCOPE 6: GFT_Mexico
2013-12-16T14:30:46.194 : snprocess_core : =============================================
2013-12-16T14:30:46.211 : snprocess_core : == dusk obs: 2013-12-16T01:23:19.968
2013-12-16T14:30:46.228 : snprocess_core : == dawn obs: 2013-12-16T13:51:28.224
2013-12-16T14:30:46.246 : snprocess_core : == filters : 16(z) 17(J) 18(H) 
2013-12-16T14:30:46.263 : snprocess_core : =============================================
2013-12-16T14:30:46.281 : snprocess_core : No URL defined.
2013-12-16T14:30:48.506 : snprocess_core : tel6 DJD1 = 2013-12-16T14:30:48.506  -  2013-12-15T14:51:46.656 = 0.9854
2013-12-16T14:30:49.173 : snprocess_core : tel6 DJD2 = 2013-12-15T14:51:46.656  -  2013-12-15T14:51:46.656 =  0.0000
2013-12-16T14:40:33.595 : snprocess_core : ---------------------------------------------
2013-12-16T14:40:33.621 : snprocess_core : tel1 DJD1 = 2013-12-16T14:40:33.595  -  2013-12-16T07:24:01.440 = 0.3031
2013-12-16T14:40:36.686 : snprocess_core : tel2 DJD1 = 2013-12-16T14:40:36.686  -  2013-12-16T09:56:44.160 = 0.1971
2013-12-16T14:40:39.754 : snprocess_core : tel3 DJD1 = 2013-12-16T14:40:39.754  -  2013-12-15T21:26:08.160 = 0.7184
2013-12-16T14:40:42.828 : snprocess_core : tel4 DJD1 = 2013-12-16T14:40:42.828  -  2013-12-16T07:29:35.808 = 0.2994
2013-12-16T14:40:45.907 : snprocess_core : tel5 DJD1 = 2013-12-16T14:40:45.907  -  2013-12-16T07:30:08.640 = 0.2990
2013-12-16T14:40:48.982 : snprocess_core : tel6 DJD1 = 2013-12-16T14:40:48.982  -  2013-12-15T14:51:46.656 = 0.9924
2013-12-16T14:40:49.645 : snprocess_core : tel6 DJD2 = 2013-12-15T14:51:47.520  -  2013-12-15T14:51:46.656 =  0.0000
2013-12-16T14:50:36.072 : snprocess_core : ---------------------------------------------
2013-12-16T14:50:36.092 : snprocess_core : tel1 DJD1 = 2013-12-16T14:50:36.072  -  2013-12-16T07:24:01.440 = 0.3101
2013-12-16T14:50:39.170 : snprocess_core : tel2 DJD1 = 2013-12-16T14:50:39.169  -  2013-12-16T09:56:44.160 = 0.2041
2013-12-16T14:50:42.252 : snprocess_core : tel3 DJD1 = 2013-12-16T14:50:42.252  -  2013-12-15T21:26:08.160 = 0.7254
2013-12-16T14:50:45.332 : snprocess_core : tel4 DJD1 = 2013-12-16T14:50:45.332  -  2013-12-16T07:29:35.808 = 0.3064
2013-12-16T14:50:48.417 : snprocess_core : tel5 DJD1 = 2013-12-16T14:50:48.417  -  2013-12-16T07:30:08.640 = 0.3060
2013-12-16T14:50:51.497 : snprocess_core : tel6 DJD1 = 2013-12-16T14:50:51.496  -  2013-12-15T14:51:46.656 = 0.9994
2013-12-16T14:50:52.168 : snprocess_core : tel6 DJD2 = 2013-12-15T14:51:47.520  -  2013-12-15T14:51:46.656 =  0.0000
2013-12-16T14:52:26.644 : snprocess_core : tel6 DJD2 = 2013-12-16T14:52:24.672  -  2013-12-15T14:51:46.656 =  1.0004
2013-12-16T14:52:26.728 : snprocess_core : =============================================
2013-12-16T14:52:26.748 : snprocess_core : == TELESCOPE 6: GFT_Mexico
2013-12-16T14:52:26.767 : snprocess_core : =============================================
2013-12-16T14:52:26.785 : snprocess_core : == dusk obs: 2013-12-17T01:23:43.296
2013-12-16T14:52:26.804 : snprocess_core : == dawn obs: 2013-12-17T13:52:01.920
2013-12-16T14:52:26.823 : snprocess_core : == filters : 16(z) 17(J) 18(H) 
2013-12-16T14:52:26.844 : snprocess_core : =============================================
2013-12-16T14:52:26.867 : snprocess_core : No URL defined.
2013-12-16T15:00:36.865 : snprocess_core : ---------------------------------------------
2013-12-16T15:00:36.881 : snprocess_core : tel1 DJD1 = 2013-12-16T15:00:36.865  -  2013-12-16T07:24:01.440 = 0.3171
2013-12-16T15:00:39.346 : snprocess_core : tel2 DJD1 = 2013-12-16T15:00:39.346  -  2013-12-16T09:56:44.160 = 0.2111
2013-12-16T15:00:44.057 : snprocess_core : tel3 DJD1 = 2013-12-16T15:00:44.057  -  2013-12-15T21:26:08.160 = 0.7324
2013-12-16T15:00:46.522 : snprocess_core : tel4 DJD1 = 2013-12-16T15:00:46.522  -  2013-12-16T07:29:35.808 = 0.3133
2013-12-16T15:00:48.987 : snprocess_core : tel5 DJD1 = 2013-12-16T15:00:48.987  -  2013-12-16T07:30:08.640 = 0.3130
2013-12-16T15:02:25.286 : snprocess_core : tel6 DJD1 = 2013-12-16T15:02:25.286  -  2013-12-16T14:52:24.672 = 0.0070
2013-12-16T15:10:37.763 : snprocess_core : ---------------------------------------------
2013-12-16T15:10:37.778 : snprocess_core : tel1 DJD1 = 2013-12-16T15:10:37.763  -  2013-12-16T07:24:01.440 = 0.3240
2013-12-16T15:10:40.243 : snprocess_core : tel2 DJD1 = 2013-12-16T15:10:40.243  -  2013-12-16T09:56:44.160 = 0.2180
2013-12-16T15:10:44.923 : snprocess_core : tel3 DJD1 = 2013-12-16T15:10:44.923  -  2013-12-15T21:26:08.160 = 0.7393
2013-12-16T15:10:47.388 : snprocess_core : tel4 DJD1 = 2013-12-16T15:10:47.388  -  2013-12-16T07:29:35.808 = 0.3203
2013-12-16T15:10:49.853 : snprocess_core : tel5 DJD1 = 2013-12-16T15:10:49.853  -  2013-12-16T07:30:08.640 = 0.3199
2013-12-16T15:12:26.152 : snprocess_core : tel6 DJD1 = 2013-12-16T15:12:26.152  -  2013-12-16T14:52:24.672 = 0.0139
2013-12-16T15:20:38.723 : snprocess_core : ---------------------------------------------
2013-12-16T15:20:38.738 : snprocess_core : tel1 DJD1 = 2013-12-16T15:20:38.723  -  2013-12-16T07:24:01.440 = 0.3310
2013-12-16T15:20:41.203 : snprocess_core : tel2 DJD1 = 2013-12-16T15:20:41.203  -  2013-12-16T09:56:44.160 = 0.2250
2013-12-16T15:20:45.899 : snprocess_core : tel3 DJD1 = 2013-12-16T15:20:45.899  -  2013-12-15T21:26:08.160 = 0.7463
2013-12-16T15:20:48.364 : snprocess_core : tel4 DJD1 = 2013-12-16T15:20:48.364  -  2013-12-16T07:29:35.808 = 0.3272
2013-12-16T15:20:50.844 : snprocess_core : tel5 DJD1 = 2013-12-16T15:20:50.844  -  2013-12-16T07:30:08.640 = 0.3269
2013-12-16T15:22:27.065 : snprocess_core : tel6 DJD1 = 2013-12-16T15:22:27.065  -  2013-12-16T14:52:24.672 = 0.0209
2013-12-16T15:30:39.636 : snprocess_core : ---------------------------------------------
2013-12-16T15:30:39.651 : snprocess_core : tel1 DJD1 = 2013-12-16T15:30:39.636  -  2013-12-16T07:24:01.440 = 0.3379
2013-12-16T15:30:42.116 : snprocess_core : tel2 DJD1 = 2013-12-16T15:30:42.116  -  2013-12-16T09:56:44.160 = 0.2319
2013-12-16T15:30:46.812 : snprocess_core : tel3 DJD1 = 2013-12-16T15:30:46.812  -  2013-12-15T21:26:08.160 = 0.7532
2013-12-16T15:30:49.261 : snprocess_core : tel4 DJD1 = 2013-12-16T15:30:49.261  -  2013-12-16T07:29:35.808 = 0.3342
2013-12-16T15:30:51.710 : snprocess_core : tel5 DJD1 = 2013-12-16T15:30:51.710  -  2013-12-16T07:30:08.640 = 0.3338
2013-12-16T15:32:28.040 : snprocess_core : tel6 DJD1 = 2013-12-16T15:32:28.040  -  2013-12-16T14:52:24.672 = 0.0278
2013-12-16T15:40:40.611 : snprocess_core : ---------------------------------------------
2013-12-16T15:40:40.627 : snprocess_core : tel1 DJD1 = 2013-12-16T15:40:40.611  -  2013-12-16T07:24:01.440 = 0.3449
2013-12-16T15:40:43.092 : snprocess_core : tel2 DJD1 = 2013-12-16T15:40:43.092  -  2013-12-16T09:56:44.160 = 0.2389
2013-12-16T15:40:47.803 : snprocess_core : tel3 DJD1 = 2013-12-16T15:40:47.803  -  2013-12-15T21:26:08.160 = 0.7602
2013-12-16T15:40:50.268 : snprocess_core : tel4 DJD1 = 2013-12-16T15:40:50.268  -  2013-12-16T07:29:35.808 = 0.3411
2013-12-16T15:40:52.732 : snprocess_core : tel5 DJD1 = 2013-12-16T15:40:52.732  -  2013-12-16T07:30:08.640 = 0.3408
2013-12-16T15:42:29.016 : snprocess_core : tel6 DJD1 = 2013-12-16T15:42:29.016  -  2013-12-16T14:52:24.672 = 0.0348
2013-12-16T15:50:41.571 : snprocess_core : ---------------------------------------------
2013-12-16T15:50:41.587 : snprocess_core : tel1 DJD1 = 2013-12-16T15:50:41.571  -  2013-12-16T07:24:01.440 = 0.3519
2013-12-16T15:50:44.067 : snprocess_core : tel2 DJD1 = 2013-12-16T15:50:44.067  -  2013-12-16T09:56:44.160 = 0.2458
2013-12-16T15:50:48.778 : snprocess_core : tel3 DJD1 = 2013-12-16T15:50:48.778  -  2013-12-15T21:26:08.160 = 0.7671
2013-12-16T15:50:51.243 : snprocess_core : tel4 DJD1 = 2013-12-16T15:50:51.243  -  2013-12-16T07:29:35.808 = 0.3481
2013-12-16T15:50:53.739 : snprocess_core : tel5 DJD1 = 2013-12-16T15:50:53.739  -  2013-12-16T07:30:08.640 = 0.3477
2013-12-16T15:52:30.038 : snprocess_core : tel6 DJD1 = 2013-12-16T15:52:30.038  -  2013-12-16T14:52:24.672 = 0.0417
2013-12-16T16:00:42.671 : snprocess_core : ---------------------------------------------
2013-12-16T16:00:42.687 : snprocess_core : tel1 DJD1 = 2013-12-16T16:00:42.671  -  2013-12-16T07:24:01.440 = 0.3588
2013-12-16T16:00:45.152 : snprocess_core : tel2 DJD1 = 2013-12-16T16:00:45.152  -  2013-12-16T09:56:44.160 = 0.2528
2013-12-16T16:00:49.832 : snprocess_core : tel3 DJD1 = 2013-12-16T16:00:49.832  -  2013-12-15T21:26:08.160 = 0.7741
2013-12-16T16:00:52.297 : snprocess_core : tel4 DJD1 = 2013-12-16T16:00:52.297  -  2013-12-16T07:29:35.808 = 0.3551
2013-12-16T16:00:54.746 : snprocess_core : tel5 DJD1 = 2013-12-16T16:00:54.746  -  2013-12-16T07:30:08.640 = 0.3547
2013-12-16T16:02:30.998 : snprocess_core : tel6 DJD1 = 2013-12-16T16:02:30.998  -  2013-12-16T14:52:24.672 = 0.0487
2013-12-16T16:10:43.584 : snprocess_core : ---------------------------------------------
2013-12-16T16:10:43.600 : snprocess_core : tel1 DJD1 = 2013-12-16T16:10:43.584  -  2013-12-16T07:24:01.440 = 0.3658
2013-12-16T16:10:46.065 : snprocess_core : tel2 DJD1 = 2013-12-16T16:10:46.065  -  2013-12-16T09:56:44.160 = 0.2597
2013-12-16T16:10:50.760 : snprocess_core : tel3 DJD1 = 2013-12-16T16:10:50.760  -  2013-12-15T21:26:08.160 = 0.7810
2013-12-16T16:10:53.225 : snprocess_core : tel4 DJD1 = 2013-12-16T16:10:53.225  -  2013-12-16T07:29:35.808 = 0.3620
2013-12-16T16:10:55.690 : snprocess_core : tel5 DJD1 = 2013-12-16T16:10:55.690  -  2013-12-16T07:30:08.640 = 0.3617
2013-12-16T16:12:31.927 : snprocess_core : tel6 DJD1 = 2013-12-16T16:12:31.927  -  2013-12-16T14:52:24.672 = 0.0556
2013-12-16T16:20:44.451 : snprocess_core : ---------------------------------------------
2013-12-16T16:20:44.466 : snprocess_core : tel1 DJD1 = 2013-12-16T16:20:44.451  -  2013-12-16T07:24:01.440 = 0.3727
2013-12-16T16:20:46.947 : snprocess_core : tel2 DJD1 = 2013-12-16T16:20:46.947  -  2013-12-16T09:56:44.160 = 0.2667
2013-12-16T16:20:51.642 : snprocess_core : tel3 DJD1 = 2013-12-16T16:20:51.642  -  2013-12-15T21:26:08.160 = 0.7880
2013-12-16T16:20:54.107 : snprocess_core : tel4 DJD1 = 2013-12-16T16:20:54.107  -  2013-12-16T07:29:35.808 = 0.3690
2013-12-16T16:20:56.572 : snprocess_core : tel5 DJD1 = 2013-12-16T16:20:56.572  -  2013-12-16T07:30:08.640 = 0.3686
2013-12-16T16:22:32.855 : snprocess_core : tel6 DJD1 = 2013-12-16T16:22:32.855  -  2013-12-16T14:52:24.672 = 0.0626
2013-12-16T16:30:45.395 : snprocess_core : ---------------------------------------------
2013-12-16T16:30:45.410 : snprocess_core : tel1 DJD1 = 2013-12-16T16:30:45.395  -  2013-12-16T07:24:01.440 = 0.3797
2013-12-16T16:30:47.875 : snprocess_core : tel2 DJD1 = 2013-12-16T16:30:47.875  -  2013-12-16T09:56:44.160 = 0.2737
2013-12-16T16:30:52.571 : snprocess_core : tel3 DJD1 = 2013-12-16T16:30:52.571  -  2013-12-15T21:26:08.160 = 0.7950
2013-12-16T16:30:55.036 : snprocess_core : tel4 DJD1 = 2013-12-16T16:30:55.036  -  2013-12-16T07:29:35.808 = 0.3759
2013-12-16T16:30:57.501 : snprocess_core : tel5 DJD1 = 2013-12-16T16:30:57.501  -  2013-12-16T07:30:08.640 = 0.3756
2013-12-16T16:32:33.753 : snprocess_core : tel6 DJD1 = 2013-12-16T16:32:33.753  -  2013-12-16T14:52:24.672 = 0.0695
2013-12-16T16:40:46.339 : snprocess_core : ---------------------------------------------
2013-12-16T16:40:46.355 : snprocess_core : tel1 DJD1 = 2013-12-16T16:40:46.339  -  2013-12-16T07:24:01.440 = 0.3866
2013-12-16T16:40:48.820 : snprocess_core : tel2 DJD1 = 2013-12-16T16:40:48.820  -  2013-12-16T09:56:44.160 = 0.2806
2013-12-16T16:40:53.531 : snprocess_core : tel3 DJD1 = 2013-12-16T16:40:53.531  -  2013-12-15T21:26:08.160 = 0.8019
2013-12-16T16:40:55.996 : snprocess_core : tel4 DJD1 = 2013-12-16T16:40:55.996  -  2013-12-16T07:29:35.808 = 0.3829
2013-12-16T16:40:58.445 : snprocess_core : tel5 DJD1 = 2013-12-16T16:40:58.445  -  2013-12-16T07:30:08.640 = 0.3825
2013-12-16T16:42:34.697 : snprocess_core : tel6 DJD1 = 2013-12-16T16:42:34.697  -  2013-12-16T14:52:24.672 = 0.0765
2013-12-16T16:50:47.393 : snprocess_core : ---------------------------------------------
2013-12-16T16:50:47.408 : snprocess_core : tel1 DJD1 = 2013-12-16T16:50:47.393  -  2013-12-16T07:24:01.440 = 0.3936
2013-12-16T16:50:49.873 : snprocess_core : tel2 DJD1 = 2013-12-16T16:50:49.873  -  2013-12-16T09:56:44.160 = 0.2876
2013-12-16T16:50:54.569 : snprocess_core : tel3 DJD1 = 2013-12-16T16:50:54.569  -  2013-12-15T21:26:08.160 = 0.8089
2013-12-16T16:50:57.033 : snprocess_core : tel4 DJD1 = 2013-12-16T16:50:57.033  -  2013-12-16T07:29:35.808 = 0.3898
2013-12-16T16:50:59.514 : snprocess_core : tel5 DJD1 = 2013-12-16T16:50:59.514  -  2013-12-16T07:30:08.640 = 0.3895
2013-12-16T16:52:35.891 : snprocess_core : tel6 DJD1 = 2013-12-16T16:52:35.891  -  2013-12-16T14:52:24.672 = 0.0835
Archivage du fichier snprocess.log
